(load7.js)load {
(load7.js)user2020m0030passasika1104
(page2.js)page {
(page2.js)}
(db8.js)rcvtm {
(db8.js)rcvpmtitle {
(page2.js)pageaddE {
(page2.js)}
(load7.js)}
(db8.js)pmti8
27~9
2,9
3~9
9
(db8.js)rpt-f
(db8.js)rcvpm {
(db8.js)rcvpmtitle end }
(db8.js)item96,126,41,42,127,131,132,133,134,135,136,136,43,44,45,45,46,47,50,50,48,49,51,52,53,54,55,55,80,95,137,138,139,140,141,141,寝る,英１,L,休憩,用意,移動,英２,休憩,国１,休憩,国２,国３,国４,移動,寝る,国１,国２,休憩
(db8.js)ls96,126,41,42,127,131,132,133,134,135,136,136,43,44,45,45,46,47,50,50,48,49,51,52,53,54,55,55,80,95,137,138,139,140,141,141title寝る,英１,L,休憩,用意,移動,英２,休憩,国１,休憩,国２,国３,国４,移動,寝る,国１,国２,休憩
(db8.js)dai,,,,,,,,,,,,,,,,,,,,,,,,,,,,,,,,,,,,,,,,,,,,,,,,,,,,,,,,,,,,,,,,,,,,,,,,,,,,,,,,,,,,,,,,,,,,,,,,,,,,,,,,,,,,,,,,,,,,,,,,,,,,,,,,,,,,,,,,,,,,,,,,,,,,,,,,,,,,,,,,,,,,,,,,,,,,,,,,,,,,,,,,,,,,,,,ls96,126,41,42,127,131,132,133,134,135,136,136,43,44,45,45,46,47,50,50,48,49,51,52,53,54,55,55,80,95,137,138,139,140,141,141title寝る,英１,L,休憩,用意,移動,英２,休憩,国１,休憩,国２,国３,国４,移動,寝る,国１,国２,休憩
(tm12.js)setdai
(tm12.js)drow
(tm12.js)TM
(tm12.js)tategaki
(tm12.js)tategaki
(tm12.js)tategaki
(tm12.js)tategaki
(tm12.js)tategaki
(tm12.js)tategaki
(tm12.js)tategaki
(tm12.js)tategaki
(tm12.js)tategaki
(tm12.js)tategaki
(tm12.js)tategaki
(tm12.js)tategaki
(tm12.js)tategaki
(tm12.js)tategaki
(tm12.js)tategaki
(tm12.js)tategaki
(tm12.js)tategaki
(tm12.js)tategaki
(db8.js)}
(db8.js)t9
3~9
9
(db8.js)pm国語,古文10,14,漢文11,12,,,,,,,,,英語,1章 s1,s2,2 s1,s2,3 s1,s2,4 s1,s2,5 s1,s2,6 s1,s2,,,,,,,,,,,,,,,,,,,,,,,,,,,,,,,,,,,,,,,,,,,,,,,,,,,,,,,,,,,,,,,,,,,,,,,,,,,,,,,,,,,,,,,,,,,,,,,,,,,,,,,,,,,,,,,,,,,,,,,,,,,,,,,,,,,,
(db8.js)rp-f
(pm7.js)inn
(db8.js)rp-f2
(db8.js)rcvcmpc {
(db8.js)a9
3~9
9
(db8.js)}
(db8.js)rcvcmpc()
(db8.js)cmpc1,09,04,2,09,04
(pm7.js)drowcmp
(pm7.js)drowcmp
(db8.js)rcvcmpc end }
(page2.js)click btn5
(load7.js)hide tm
(load7.js)cc0

